<?xml version="1.0" encoding="UTF-8"?>
<!-- Generated by org.testng.reporters.JUnitReportReporter -->
<testsuite hostname="SAM-LAPTOP" failures="0" tests="8" name="WorkingWithTestNG.Working_with_InvocationCount" time="0.017" errors="0" timestamp="2023-11-08T19:28:41 GMT" skipped="0">
  <testcase classname="WorkingWithTestNG.Working_with_InvocationCount" name="login" time="0.002"/>
  <testcase classname="WorkingWithTestNG.Working_with_InvocationCount" name="register" time="0.001"/>
  <testcase classname="WorkingWithTestNG.Working_with_InvocationCount" name="register" time="0.001"/>
  <testcase classname="WorkingWithTestNG.Working_with_InvocationCount" name="register" time="0.007"/>
  <testcase classname="WorkingWithTestNG.Working_with_InvocationCount" name="register" time="0.002"/>
  <testcase classname="WorkingWithTestNG.Working_with_InvocationCount" name="register" time="0.002"/>
  <testcase classname="WorkingWithTestNG.Working_with_InvocationCount" name="addToCart" time="0.001"/>
  <testcase classname="WorkingWithTestNG.Working_with_InvocationCount" name="placeOrder" time="0.001"/>
</testsuite> <!-- WorkingWithTestNG.Working_with_InvocationCount -->
