<?xml version="1.0" encoding="UTF-8"?>
<!-- Generated by org.testng.reporters.JUnitReportReporter -->
<testsuite hostname="SAM-LAPTOP" failures="0" tests="1" name="WorkingWithTestNG.Working_with_Test_Annotation" time="0.007" errors="0" timestamp="2023-11-08T19:03:28 GMT" skipped="0">
  <testcase classname="WorkingWithTestNG.Working_with_Test_Annotation" name="testcase" time="0.007"/>
</testsuite> <!-- WorkingWithTestNG.Working_with_Test_Annotation -->
