<?xml version="1.0" encoding="UTF-8"?>
<!-- Generated by org.testng.reporters.JUnitReportReporter -->
<testsuite hostname="SAM-LAPTOP" failures="0" tests="1" name="WorkingWithTestNG.WorkingWithParameters" time="7.867" errors="0" timestamp="2023-11-16T18:08:55 GMT" skipped="0">
  <testcase classname="WorkingWithTestNG.WorkingWithParameters" name="testCase" time="7.867"/>
</testsuite> <!-- WorkingWithTestNG.WorkingWithParameters -->
