<?xml version="1.0" encoding="UTF-8"?>
<!-- Generated by org.testng.reporters.JUnitReportReporter -->
<testsuite hostname="SAM-LAPTOP" failures="0" tests="1" name="WorkingWithTestNG.WorkingWithDataProvider" time="12.672" errors="0" timestamp="2023-11-16T18:48:24 GMT" skipped="0">
  <testcase classname="WorkingWithTestNG.WorkingWithDataProvider" name="testCase" time="12.672"/>
</testsuite> <!-- WorkingWithTestNG.WorkingWithDataProvider -->
