<?xml version="1.0" encoding="UTF-8"?>
<!-- Generated by org.testng.reporters.JUnitReportReporter -->
<testsuite hostname="SAM-LAPTOP" failures="0" tests="1" name="Working_TestNG.Working_with_Test_Annotation" time="0.010" errors="0" timestamp="2023-11-08T18:49:57 GMT" skipped="0">
  <testcase classname="Working_TestNG.Working_with_Test_Annotation" name="testcase" time="0.010"/>
</testsuite> <!-- Working_TestNG.Working_with_Test_Annotation -->
