<?xml version="1.0" encoding="UTF-8"?>
<!-- Generated by org.testng.reporters.JUnitReportReporter -->
<testsuite hostname="SAM-LAPTOP" failures="0" tests="4" name="WorkingWithTestNG.Working_with_multiple_TestAnnotations" time="0.014" errors="0" timestamp="2023-11-08T19:10:41 GMT" skipped="0">
  <testcase classname="WorkingWithTestNG.Working_with_multiple_TestAnnotations" name="register" time="0.009"/>
  <testcase classname="WorkingWithTestNG.Working_with_multiple_TestAnnotations" name="login" time="0.002"/>
  <testcase classname="WorkingWithTestNG.Working_with_multiple_TestAnnotations" name="addToCart" time="0.002"/>
  <testcase classname="WorkingWithTestNG.Working_with_multiple_TestAnnotations" name="placeOrder" time="0.001"/>
</testsuite> <!-- WorkingWithTestNG.Working_with_multiple_TestAnnotations -->
