<?xml version="1.0" encoding="UTF-8"?>
<!-- Generated by org.testng.reporters.JUnitReportReporter -->
<testsuite hostname="SAM-LAPTOP" failures="0" tests="4" name="WorkingWithTestNG.Working_with_DependsOnMethod" time="0.009" errors="0" timestamp="2023-11-08T19:21:16 GMT" skipped="1">
  <testcase classname="WorkingWithTestNG.Working_with_DependsOnMethod" name="login" time="0.001"/>
  <testcase classname="WorkingWithTestNG.Working_with_DependsOnMethod" name="register" time="0.007"/>
  <testcase classname="WorkingWithTestNG.Working_with_DependsOnMethod" name="placeOrder" time="0.001"/>
  <testcase classname="WorkingWithTestNG.Working_with_DependsOnMethod" name="addToCart">
    <skipped/>
  </testcase> <!-- addToCart -->
</testsuite> <!-- WorkingWithTestNG.Working_with_DependsOnMethod -->
