<?xml version="1.0" encoding="UTF-8"?>
<!-- Generated by org.testng.reporters.JUnitReportReporter -->
<testsuite hostname="SAM-LAPTOP" failures="0" tests="2" name="WorkingWithTestNG.Working_with_Configure_Annotions2" time="13.794" errors="0" timestamp="2023-11-09T18:35:04 GMT" skipped="0">
  <testcase classname="WorkingWithTestNG.Working_with_Configure_Annotions2" name="testCase02" time="7.088"/>
  <testcase classname="WorkingWithTestNG.Working_with_Configure_Annotions2" name="testCase01" time="6.706"/>
</testsuite> <!-- WorkingWithTestNG.Working_with_Configure_Annotions2 -->
