<?xml version="1.0" encoding="UTF-8"?>
<!-- Generated by org.testng.reporters.JUnitReportReporter -->
<testsuite hostname="SAM-LAPTOP" failures="0" tests="1" name="WorkingWithTestNG.Working_with_configure_annotation" time="0.009" errors="0" timestamp="2023-11-09T18:12:20 GMT" skipped="0">
  <testcase classname="WorkingWithTestNG.Working_with_configure_annotation" name="testCase01" time="0.009"/>
</testsuite> <!-- WorkingWithTestNG.Working_with_configure_annotation -->
