<?xml version="1.0" encoding="UTF-8"?>
<!-- Generated by org.testng.reporters.JUnitReportReporter -->
<testsuite hostname="SAM-LAPTOP" failures="0" tests="1" name="TestCases.TestCase_03" time="2.831" errors="0" timestamp="2023-11-13T19:10:54 GMT" skipped="0">
  <testcase classname="TestCases.TestCase_03" name="wishList" time="2.831"/>
</testsuite> <!-- TestCases.TestCase_03 -->
